TN:
SF:C:\Users\dell\Documents\MakerSquare\Thesis Project\EventPulse\webpack.config.js
FNF:0
FNH:0
DA:1,1
LF:1
LH:1
BRF:0
BRH:0
end_of_record
TN:
SF:C:\Users\dell\Documents\MakerSquare\Thesis Project\EventPulse\client\actions\actions.js
FN:13,fetchCurrentUser
FN:22,userLogOut
FN:31,fetchEventList
FN:33,(anonymous_5)
FN:34,(anonymous_6)
FN:36,(anonymous_7)
FN:46,filterEventList
FN:49,(anonymous_9)
FN:51,(anonymous_10)
FN:53,(anonymous_11)
FN:55,(anonymous_12)
FN:55,(anonymous_13)
FN:57,(anonymous_14)
FN:57,(anonymous_15)
FN:66,setCurrentEvent
FN:73,joinEvent
FN:87,hideEvent
FN:98,leaveEvent
FN:108,createEvent
FNF:19
FNH:4
FNDA:1,fetchCurrentUser
FNDA:1,userLogOut
FNDA:0,fetchEventList
FNDA:0,(anonymous_5)
FNDA:0,(anonymous_6)
FNDA:0,(anonymous_7)
FNDA:0,filterEventList
FNDA:0,(anonymous_9)
FNDA:0,(anonymous_10)
FNDA:0,(anonymous_11)
FNDA:0,(anonymous_12)
FNDA:0,(anonymous_13)
FNDA:0,(anonymous_14)
FNDA:0,(anonymous_15)
FNDA:0,setCurrentEvent
FNDA:1,joinEvent
FNDA:1,hideEvent
FNDA:0,leaveEvent
FNDA:0,createEvent
DA:1,1
DA:3,1
DA:4,1
DA:5,1
DA:6,1
DA:7,1
DA:8,1
DA:9,1
DA:10,1
DA:11,1
DA:14,1
DA:16,1
DA:23,1
DA:25,1
DA:32,0
DA:33,0
DA:34,0
DA:36,0
DA:40,0
DA:48,0
DA:49,0
DA:51,0
DA:53,0
DA:55,0
DA:57,0
DA:60,0
DA:67,0
DA:74,1
DA:75,1
DA:79,1
DA:81,1
DA:88,1
DA:89,1
DA:90,1
DA:92,1
DA:99,0
DA:100,0
DA:102,0
DA:109,0
DA:121,0
LF:40
LH:22
BRDA:49,1,0,0
BRDA:49,1,1,0
BRDA:51,2,0,0
BRDA:51,2,1,0
BRDA:53,3,0,0
BRDA:53,3,1,0
BRDA:55,4,0,0
BRDA:55,4,1,0
BRDA:55,5,0,0
BRDA:55,5,1,0
BRDA:57,6,0,0
BRDA:57,6,1,0
BRDA:57,7,0,0
BRDA:57,7,1,0
BRDA:115,8,0,0
BRDA:115,8,1,0
BRDA:116,9,0,0
BRDA:116,9,1,0
BRDA:117,10,0,0
BRDA:117,10,1,0
BRDA:118,11,0,0
BRDA:118,11,1,0
BRF:22
BRH:0
end_of_record
TN:
SF:C:\Users\dell\Documents\MakerSquare\Thesis Project\EventPulse\client\components\Auth.js
FN:22,mapDispatchToProps
FNF:1
FNH:1
FNDA:1,mapDispatchToProps
DA:1,1
DA:2,1
DA:3,1
DA:5,1
DA:9,1
DA:23,1
LF:6
LH:6
BRF:0
BRH:0
end_of_record
TN:
SF:C:\Users\dell\Documents\MakerSquare\Thesis Project\EventPulse\client\components\EventCreate.js
FN:10,EventCreate
FN:40,(anonymous_15)
FN:44,(anonymous_16)
FN:45,(anonymous_17)
FN:194,mapStateToProps
FN:201,mapDispatchToProps
FNF:6
FNH:1
FNDA:3,EventCreate
FNDA:0,(anonymous_15)
FNDA:0,(anonymous_16)
FNDA:0,(anonymous_17)
FNDA:0,mapStateToProps
FNDA:0,mapDispatchToProps
DA:1,1
DA:2,1
DA:3,1
DA:4,1
DA:6,1
DA:10,9
DA:12,3
DA:26,0
DA:30,0
DA:34,0
DA:37,0
DA:38,0
DA:39,0
DA:41,0
DA:42,0
DA:44,0
DA:47,0
DA:52,0
DA:65,3
DA:195,0
DA:202,0
LF:21
LH:8
BRDA:41,1,0,0
BRDA:41,1,1,0
BRF:2
BRH:0
end_of_record
TN:
SF:C:\Users\dell\Documents\MakerSquare\Thesis Project\EventPulse\client\components\EventDetails.js
FN:43,(anonymous_15)
FN:51,(anonymous_16)
FN:95,mapStateToProps
FN:102,mapDispatchToProps
FNF:4
FNH:2
FNDA:1,(anonymous_15)
FNDA:1,(anonymous_16)
FNDA:0,mapStateToProps
FNDA:0,mapDispatchToProps
DA:1,1
DA:2,1
DA:3,1
DA:4,1
DA:6,1
DA:14,0
DA:22,0
DA:30,0
DA:31,0
DA:39,0
DA:42,1
DA:43,1
DA:45,1
DA:51,1
DA:96,0
DA:103,0
LF:16
LH:9
BRDA:54,1,0,1
BRDA:54,1,1,0
BRDA:52,2,0,1
BRDA:52,2,1,0
BRDA:76,3,0,1
BRDA:76,3,1,0
BRF:6
BRH:3
end_of_record
TN:
SF:C:\Users\dell\Documents\MakerSquare\Thesis Project\EventPulse\client\components\EventList.js
FN:17,(anonymous_11)
FN:54,(anonymous_14)
FN:74,mapStateToProps
FN:84,mapDispatchToProps
FNF:4
FNH:0
FNDA:0,(anonymous_11)
FNDA:0,(anonymous_14)
FNDA:0,mapStateToProps
FNDA:0,mapDispatchToProps
DA:1,1
DA:2,1
DA:3,1
DA:4,1
DA:6,1
DA:12,1
DA:15,0
DA:16,0
DA:18,0
DA:28,0
DA:48,0
DA:49,0
DA:54,0
DA:75,0
DA:85,0
LF:15
LH:6
BRDA:35,1,0,0
BRDA:35,1,1,0
BRDA:34,2,0,0
BRDA:34,2,1,0
BRF:4
BRH:0
end_of_record
TN:
SF:C:\Users\dell\Documents\MakerSquare\Thesis Project\EventPulse\client\components\EventListFilter.js
FN:14,(anonymous_11)
FN:32,mapStateToProps
FN:40,mapDispatchToProps
FNF:3
FNH:0
FNDA:0,(anonymous_11)
FNDA:0,mapStateToProps
FNDA:0,mapDispatchToProps
DA:1,1
DA:2,1
DA:3,1
DA:4,1
DA:6,1
DA:9,0
DA:10,0
DA:12,0
DA:14,0
DA:33,0
DA:41,0
LF:11
LH:5
BRF:0
BRH:0
end_of_record
TN:
SF:C:\Users\dell\Documents\MakerSquare\Thesis Project\EventPulse\client\components\Home.js
FN:25,mapStateToProps
FN:29,mapDispatchToProps
FNF:2
FNH:0
FNDA:0,mapStateToProps
FNDA:0,mapDispatchToProps
DA:1,1
DA:2,1
DA:3,1
DA:4,1
DA:6,1
DA:7,1
DA:11,1
DA:15,1
DA:26,0
DA:30,0
LF:10
LH:8
BRDA:18,1,0,0
BRDA:18,1,1,1
BRF:2
BRH:1
end_of_record
TN:
SF:C:\Users\dell\Documents\MakerSquare\Thesis Project\EventPulse\client\reducers\index.js
FNF:0
FNH:0
DA:1,1
DA:2,1
DA:3,1
DA:4,1
DA:5,1
DA:6,1
DA:7,1
DA:11,1
LF:8
LH:8
BRF:0
BRH:0
end_of_record
TN:
SF:C:\Users\dell\Documents\MakerSquare\Thesis Project\EventPulse\client\reducers\reducer_currentUser.js
FNF:0
FNH:0
DA:1,1
DA:5,14
DA:6,7
DA:8,2
DA:10,1
DA:12,4
LF:6
LH:6
BRDA:5,1,0,4
BRDA:5,1,1,3
BRDA:5,2,0,7
BRDA:5,2,1,7
BRDA:7,3,0,2
BRDA:7,3,1,1
BRF:6
BRH:6
end_of_record
TN:
SF:C:\Users\dell\Documents\MakerSquare\Thesis Project\EventPulse\client\reducers\reducer_eventCreate.js
FNF:0
FNH:0
DA:1,1
DA:3,14
DA:4,7
DA:6,0
DA:9,7
LF:5
LH:4
BRDA:3,1,0,7
BRDA:3,1,1,0
BRDA:3,2,0,7
BRDA:3,2,1,7
BRDA:5,3,0,0
BRDA:5,3,1,7
BRF:6
BRH:4
end_of_record
TN:
SF:C:\Users\dell\Documents\MakerSquare\Thesis Project\EventPulse\client\reducers\reducer_eventDetails.js
FN:21,(anonymous_2)
FNF:1
FNH:0
FNDA:0,(anonymous_2)
DA:1,1
DA:14,14
DA:15,7
DA:17,7
DA:19,0
DA:20,0
DA:21,0
DA:23,0
DA:26,0
DA:34,1
DA:35,1
DA:36,1
DA:42,0
DA:45,6
LF:14
LH:8
BRDA:14,1,0,6
BRDA:14,1,1,1
BRDA:14,2,0,7
BRDA:14,2,1,7
BRDA:18,3,0,0
BRDA:18,3,1,0
BRDA:18,3,2,1
BRDA:18,3,3,0
BRDA:18,3,4,6
BRF:9
BRH:6
end_of_record
TN:
SF:C:\Users\dell\Documents\MakerSquare\Thesis Project\EventPulse\client\reducers\reducer_eventList.js
FNF:0
FNH:0
DA:1,1
DA:3,14
DA:4,7
DA:6,0
DA:8,7
LF:5
LH:4
BRDA:3,1,0,7
BRDA:3,1,1,0
BRDA:3,2,0,7
BRDA:3,2,1,7
BRDA:5,3,0,0
BRDA:5,3,1,7
BRF:6
BRH:4
end_of_record
TN:
SF:C:\Users\dell\Documents\MakerSquare\Thesis Project\EventPulse\client\reducers\reducer_eventListFiltered.js
FNF:0
FNH:0
DA:1,1
DA:3,14
DA:4,7
DA:6,0
DA:8,0
DA:10,7
LF:6
LH:4
BRDA:3,1,0,7
BRDA:3,1,1,0
BRDA:3,2,0,7
BRDA:3,2,1,7
BRDA:5,3,0,0
BRDA:5,3,1,0
BRDA:5,3,2,7
BRF:7
BRH:4
end_of_record
TN:
SF:C:\Users\dell\Documents\MakerSquare\Thesis Project\EventPulse\client\reducers\reducer_hiddenEvents.js
FNF:0
FNH:0
DA:1,1
DA:3,14
DA:4,7
DA:6,0
DA:8,7
LF:5
LH:4
BRDA:3,1,0,7
BRDA:3,1,1,0
BRDA:3,2,0,7
BRDA:3,2,1,7
BRDA:5,3,0,0
BRDA:5,3,1,7
BRF:6
BRH:4
end_of_record
TN:
SF:C:\Users\dell\Documents\MakerSquare\Thesis Project\EventPulse\server\knexfile.js
FNF:0
FNH:0
DA:1,1
LF:1
LH:1
BRF:0
BRH:0
end_of_record
TN:
SF:C:\Users\dell\Documents\MakerSquare\Thesis Project\EventPulse\server\passport.js
FN:10,(anonymous_1)
FN:12,(anonymous_2)
FN:16,(anonymous_3)
FN:25,(anonymous_4)
FN:26,(anonymous_5)
FN:28,(anonymous_6)
FNF:6
FNH:1
FNDA:1,(anonymous_1)
FNDA:0,(anonymous_2)
FNDA:0,(anonymous_3)
FNDA:0,(anonymous_4)
FNDA:0,(anonymous_5)
FNDA:0,(anonymous_6)
DA:1,1
DA:2,1
DA:3,1
DA:4,1
DA:5,1
DA:7,1
DA:8,1
DA:10,1
DA:12,1
DA:13,0
DA:16,1
DA:17,0
DA:20,1
DA:26,0
DA:27,0
DA:29,0
LF:16
LH:11
BRF:0
BRH:0
end_of_record
TN:
SF:C:\Users\dell\Documents\MakerSquare\Thesis Project\EventPulse\server\passport_helper.js
FN:7,passport_helper
FN:9,(anonymous_2)
FN:16,newUser
FN:21,(anonymous_4)
FN:26,(anonymous_5)
FN:30,(anonymous_6)
FN:36,(anonymous_7)
FN:38,(anonymous_8)
FN:46,(anonymous_9)
FN:50,existingUser
FN:64,(anonymous_11)
FN:68,(anonymous_12)
FN:69,(anonymous_13)
FN:70,(anonymous_14)
FN:78,(anonymous_15)
FN:80,(anonymous_16)
FN:87,(anonymous_17)
FN:92,buildNewUser
FN:102,buildNewMembership
FN:111,buildMembershipList
FN:112,(anonymous_21)
FNF:21
FNH:21
FNDA:7,passport_helper
FNDA:7,(anonymous_2)
FNDA:3,newUser
FNDA:3,(anonymous_4)
FNDA:3,(anonymous_5)
FNDA:3,(anonymous_6)
FNDA:3,(anonymous_7)
FNDA:2,(anonymous_8)
FNDA:2,(anonymous_9)
FNDA:4,existingUser
FNDA:3,(anonymous_11)
FNDA:3,(anonymous_12)
FNDA:4,(anonymous_13)
FNDA:8,(anonymous_14)
FNDA:3,(anonymous_15)
FNDA:2,(anonymous_16)
FNDA:2,(anonymous_17)
FNDA:3,buildNewUser
FNDA:9,buildNewMembership
FNDA:4,buildMembershipList
FNDA:6,(anonymous_21)
DA:1,1
DA:3,1
DA:8,7
DA:9,7
DA:17,3
DA:19,3
DA:22,3
DA:23,3
DA:27,3
DA:28,3
DA:30,3
DA:36,3
DA:40,2
DA:41,2
DA:46,2
DA:51,4
DA:52,4
DA:53,4
DA:56,4
DA:57,1
DA:63,3
DA:65,3
DA:66,3
DA:69,4
DA:70,8
DA:76,3
DA:78,3
DA:81,2
DA:82,2
DA:87,2
DA:93,3
DA:103,9
DA:112,6
LF:33
LH:33
BRDA:11,1,0,3
BRDA:11,1,1,4
BRDA:33,2,0,1
BRDA:33,2,1,2
BRDA:40,3,0,2
BRDA:40,3,1,0
BRDA:56,4,0,1
BRDA:56,4,1,3
BRDA:77,5,0,1
BRDA:77,5,1,2
BRDA:81,6,0,2
BRDA:81,6,1,0
BRF:12
BRH:10
end_of_record
TN:
SF:C:\Users\dell\Documents\MakerSquare\Thesis Project\EventPulse\server\server.js
FN:35,(anonymous_1)
FNF:1
FNH:1
FNDA:4,(anonymous_1)
DA:1,1
DA:2,1
DA:3,1
DA:4,1
DA:5,1
DA:6,1
DA:7,1
DA:8,1
DA:9,1
DA:10,1
DA:12,1
DA:13,1
DA:15,1
DA:17,1
DA:18,1
DA:19,1
DA:21,1
DA:23,1
DA:29,1
DA:30,1
DA:32,1
DA:35,1
DA:36,4
DA:39,1
DA:41,1
LF:25
LH:25
BRF:0
BRH:0
end_of_record
TN:
SF:C:\Users\dell\Documents\MakerSquare\Thesis Project\EventPulse\server\controllers\authentication.js
FN:6,(anonymous_1)
FN:16,(anonymous_2)
FNF:2
FNH:0
FNDA:0,(anonymous_1)
FNDA:0,(anonymous_2)
DA:1,1
DA:2,1
DA:4,1
DA:6,1
DA:7,0
DA:8,0
DA:9,0
DA:12,0
DA:16,1
DA:17,0
DA:18,0
DA:19,0
LF:12
LH:5
BRDA:7,1,0,0
BRDA:7,1,1,0
BRF:2
BRH:0
end_of_record
TN:
SF:C:\Users\dell\Documents\MakerSquare\Thesis Project\EventPulse\server\controllers\events.js
FN:15,(anonymous_1)
FN:20,(anonymous_2)
FN:25,(anonymous_3)
FN:30,(anonymous_4)
FN:37,(anonymous_5)
FN:38,(anonymous_6)
FN:44,(anonymous_7)
FN:47,(anonymous_8)
FN:50,(anonymous_9)
FN:55,(anonymous_10)
FN:61,(anonymous_11)
FN:66,(anonymous_12)
FN:69,(anonymous_13)
FN:75,(anonymous_14)
FN:83,(anonymous_15)
FN:84,(anonymous_16)
FN:86,(anonymous_17)
FN:89,(anonymous_18)
FN:92,(anonymous_19)
FN:101,(anonymous_20)
FN:107,(anonymous_21)
FN:110,(anonymous_22)
FN:111,(anonymous_23)
FN:112,(anonymous_24)
FN:114,(anonymous_25)
FN:119,(anonymous_26)
FN:125,(anonymous_27)
FN:127,(anonymous_28)
FN:130,(anonymous_29)
FN:133,(anonymous_30)
FN:139,(anonymous_31)
FN:142,(anonymous_32)
FN:144,(anonymous_33)
FN:147,(anonymous_34)
FN:151,(anonymous_35)
FN:157,(anonymous_36)
FN:159,(anonymous_37)
FN:162,(anonymous_38)
FN:168,(anonymous_39)
FN:170,(anonymous_40)
FN:173,(anonymous_41)
FNF:41
FNH:31
FNDA:2,(anonymous_1)
FNDA:1,(anonymous_2)
FNDA:2,(anonymous_3)
FNDA:2,(anonymous_4)
FNDA:2,(anonymous_5)
FNDA:2,(anonymous_6)
FNDA:1,(anonymous_7)
FNDA:1,(anonymous_8)
FNDA:0,(anonymous_9)
FNDA:0,(anonymous_10)
FNDA:1,(anonymous_11)
FNDA:1,(anonymous_12)
FNDA:0,(anonymous_13)
FNDA:2,(anonymous_14)
FNDA:2,(anonymous_15)
FNDA:3,(anonymous_16)
FNDA:1,(anonymous_17)
FNDA:1,(anonymous_18)
FNDA:0,(anonymous_19)
FNDA:0,(anonymous_20)
FNDA:2,(anonymous_21)
FNDA:1,(anonymous_22)
FNDA:1,(anonymous_23)
FNDA:1,(anonymous_24)
FNDA:1,(anonymous_25)
FNDA:1,(anonymous_26)
FNDA:1,(anonymous_27)
FNDA:1,(anonymous_28)
FNDA:1,(anonymous_29)
FNDA:0,(anonymous_30)
FNDA:1,(anonymous_31)
FNDA:1,(anonymous_32)
FNDA:1,(anonymous_33)
FNDA:0,(anonymous_34)
FNDA:0,(anonymous_35)
FNDA:2,(anonymous_36)
FNDA:2,(anonymous_37)
FNDA:0,(anonymous_38)
FNDA:1,(anonymous_39)
FNDA:1,(anonymous_40)
FNDA:0,(anonymous_41)
DA:1,1
DA:2,1
DA:3,1
DA:5,1
DA:6,1
DA:7,1
DA:8,1
DA:9,1
DA:10,1
DA:12,1
DA:15,1
DA:16,2
DA:20,1
DA:21,1
DA:25,1
DA:26,2
DA:30,1
DA:31,2
DA:32,2
DA:36,2
DA:38,2
DA:39,1
DA:43,1
DA:45,1
DA:48,1
DA:51,0
DA:56,0
DA:61,1
DA:62,1
DA:63,1
DA:65,1
DA:67,1
DA:70,0
DA:75,1
DA:76,2
DA:77,2
DA:82,2
DA:84,3
DA:85,1
DA:87,1
DA:90,1
DA:93,0
DA:96,1
DA:102,0
DA:107,1
DA:109,2
DA:110,1
DA:111,1
DA:112,1
DA:115,1
DA:116,1
DA:120,1
DA:125,1
DA:126,1
DA:128,1
DA:131,1
DA:134,0
DA:139,1
DA:141,1
DA:143,1
DA:145,1
DA:148,0
DA:152,0
DA:157,1
DA:158,2
DA:160,2
DA:163,0
DA:168,1
DA:169,1
DA:171,1
DA:174,0
LF:71
LH:61
BRDA:38,1,0,1
BRDA:38,1,1,1
BRDA:84,2,0,1
BRDA:84,2,1,1
BRF:4
BRH:4
end_of_record
TN:
SF:C:\Users\dell\Documents\MakerSquare\Thesis Project\EventPulse\server\controllers\index.js
FNF:0
FNH:0
DA:1,1
DA:2,1
DA:5,1
DA:6,1
DA:7,1
DA:8,1
DA:10,1
LF:7
LH:7
BRF:0
BRH:0
end_of_record
TN:
SF:C:\Users\dell\Documents\MakerSquare\Thesis Project\EventPulse\server\controllers\passport_facebook.js
FN:19,(anonymous_1)
FN:21,(anonymous_2)
FNF:2
FNH:2
FNDA:7,(anonymous_1)
FNDA:7,(anonymous_2)
DA:1,1
DA:2,1
DA:4,1
DA:6,1
DA:8,1
DA:10,1
DA:14,1
DA:19,1
DA:20,7
DA:22,7
LF:10
LH:10
BRF:0
BRH:0
end_of_record
TN:
SF:C:\Users\dell\Documents\MakerSquare\Thesis Project\EventPulse\server\controllers\users.js
FN:10,(anonymous_1)
FN:15,(anonymous_2)
FN:17,(anonymous_3)
FN:20,(anonymous_4)
FN:23,(anonymous_5)
FN:28,(anonymous_6)
FN:32,(anonymous_7)
FN:36,(anonymous_8)
FN:40,(anonymous_9)
FN:44,(anonymous_10)
FNF:10
FNH:9
FNDA:1,(anonymous_1)
FNDA:1,(anonymous_2)
FNDA:1,(anonymous_3)
FNDA:1,(anonymous_4)
FNDA:0,(anonymous_5)
FNDA:1,(anonymous_6)
FNDA:1,(anonymous_7)
FNDA:1,(anonymous_8)
FNDA:2,(anonymous_9)
FNDA:2,(anonymous_10)
DA:1,1
DA:2,1
DA:4,1
DA:5,1
DA:7,1
DA:10,1
DA:11,1
DA:15,1
DA:16,1
DA:18,1
DA:21,1
DA:24,0
DA:28,1
DA:29,1
DA:32,1
DA:33,1
DA:36,1
DA:37,1
DA:40,1
DA:41,2
DA:44,1
DA:45,2
LF:22
LH:21
BRF:0
BRH:0
end_of_record
TN:
SF:C:\Users\dell\Documents\MakerSquare\Thesis Project\EventPulse\server\db\knex.js
FN:7,(anonymous_1)
FN:8,(anonymous_2)
FNF:2
FNH:0
FNDA:0,(anonymous_1)
FNDA:0,(anonymous_2)
DA:1,1
DA:2,1
DA:4,1
DA:6,1
DA:7,0
DA:8,0
DA:9,0
DA:15,1
LF:8
LH:5
BRDA:1,1,0,1
BRDA:1,1,1,0
BRDA:6,2,0,0
BRDA:6,2,1,1
BRF:4
BRH:2
end_of_record
TN:
SF:C:\Users\dell\Documents\MakerSquare\Thesis Project\EventPulse\server\db\migrations\20160727211309_event_pulse.js
FN:1,(anonymous_1)
FN:3,(anonymous_2)
FN:10,(anonymous_3)
FN:14,(anonymous_4)
FN:20,(anonymous_5)
FN:35,(anonymous_6)
FN:40,(anonymous_7)
FN:46,(anonymous_8)
FN:56,(anonymous_9)
FNF:9
FNH:9
FNDA:32,(anonymous_1)
FNDA:32,(anonymous_2)
FNDA:32,(anonymous_3)
FNDA:32,(anonymous_4)
FNDA:32,(anonymous_5)
FNDA:32,(anonymous_6)
FNDA:32,(anonymous_7)
FNDA:32,(anonymous_8)
FNDA:32,(anonymous_9)
DA:1,1
DA:2,32
DA:4,32
DA:5,32
DA:6,32
DA:7,32
DA:8,32
DA:11,32
DA:12,32
DA:15,32
DA:16,32
DA:17,32
DA:18,32
DA:21,32
DA:22,32
DA:23,32
DA:24,32
DA:25,32
DA:26,32
DA:27,32
DA:28,32
DA:29,32
DA:30,32
DA:31,32
DA:32,32
DA:33,32
DA:36,32
DA:37,32
DA:38,32
DA:41,32
DA:42,32
DA:43,32
DA:44,32
DA:47,32
DA:48,32
DA:49,32
DA:50,32
DA:51,32
DA:56,1
DA:57,32
LF:40
LH:40
BRF:0
BRH:0
end_of_record
TN:
SF:C:\Users\dell\Documents\MakerSquare\Thesis Project\EventPulse\server\middlewares\index.js
FN:5,checkUpdateId
FNF:1
FNH:1
FNDA:4,checkUpdateId
DA:1,1
DA:6,4
DA:7,2
DA:12,2
LF:4
LH:4
BRDA:6,1,0,2
BRDA:6,1,1,2
BRF:2
BRH:2
end_of_record
TN:
SF:C:\Users\dell\Documents\MakerSquare\Thesis Project\EventPulse\server\models\event.js
FN:12,getAll
FN:16,getEventById
FN:20,create
FN:21,(anonymous_4)
FN:22,(anonymous_5)
FN:29,update
FN:33,deleteEvent
FNF:7
FNH:7
FNDA:2,getAll
FNDA:4,getEventById
FNDA:1,create
FNDA:1,(anonymous_4)
FNDA:1,(anonymous_5)
FNDA:1,update
FNDA:1,deleteEvent
DA:1,1
DA:2,1
DA:4,1
DA:13,2
DA:17,4
DA:21,1
DA:22,1
DA:23,1
DA:30,1
DA:35,1
LF:10
LH:10
BRF:0
BRH:0
end_of_record
TN:
SF:C:\Users\dell\Documents\MakerSquare\Thesis Project\EventPulse\server\models\guest.js
FN:10,getGuests
FN:24,create
FN:28,update
FN:35,deleteGuest
FNF:4
FNH:4
FNDA:7,getGuests
FNDA:2,create
FNDA:1,update
FNDA:1,deleteGuest
DA:1,1
DA:3,1
DA:11,7
DA:25,2
DA:29,1
DA:36,1
LF:6
LH:6
BRF:0
BRH:0
end_of_record
TN:
SF:C:\Users\dell\Documents\MakerSquare\Thesis Project\EventPulse\server\models\hidden_event.js
FN:10,hide
FN:16,unhide
FNF:2
FNH:1
FNDA:3,hide
FNDA:0,unhide
DA:1,1
DA:5,1
DA:11,3
DA:17,0
LF:4
LH:3
BRF:0
BRH:0
end_of_record
TN:
SF:C:\Users\dell\Documents\MakerSquare\Thesis Project\EventPulse\server\models\user.js
FN:16,getUserById
FN:20,getUserByFacebookId
FN:24,create
FN:28,addGroup
FN:32,getMemberList
FN:38,addMemberships
FN:42,getMemberships
FN:48,getFriendsListId
FNF:8
FNH:8
FNDA:4,getUserById
FNDA:13,getUserByFacebookId
FNDA:4,create
FNDA:5,addGroup
FNDA:4,getMemberList
FNDA:9,addMemberships
FNDA:1,getMemberships
FNDA:4,getFriendsListId
DA:1,1
DA:5,1
DA:17,4
DA:21,13
DA:25,4
DA:28,5
DA:29,5
DA:33,4
DA:39,9
DA:43,1
DA:49,4
LF:11
LH:11
BRDA:28,1,0,4
BRDA:28,1,1,1
BRDA:28,2,0,5
BRDA:28,2,1,2
BRF:4
BRH:4
end_of_record
TN:
SF:C:\Users\dell\Documents\MakerSquare\Thesis Project\EventPulse\server\utils\utils.js
FN:11,getCoords
FN:18,(anonymous_2)
FN:24,(anonymous_3)
FN:33,queryHandler
FN:37,(anonymous_5)
FN:38,(anonymous_6)
FNF:6
FNH:5
FNDA:2,getCoords
FNDA:2,(anonymous_2)
FNDA:1,(anonymous_3)
FNDA:13,queryHandler
FNDA:13,(anonymous_5)
FNDA:0,(anonymous_6)
DA:1,1
DA:3,1
DA:12,2
DA:13,2
DA:14,2
DA:15,2
DA:17,2
DA:19,2
DA:20,1
DA:22,1
DA:24,1
DA:34,13
DA:36,13
DA:37,13
DA:38,0
LF:15
LH:14
BRDA:19,1,0,1
BRDA:19,1,1,1
BRDA:34,2,0,4
BRDA:34,2,1,9
BRF:4
BRH:4
end_of_record
