TN:
SF:/home/kenny/Makersquare/Thesis/EventPulse/webpack.config.js
FNF:0
FNH:0
DA:1,1
LF:1
LH:1
BRF:0
BRH:0
end_of_record
TN:
SF:/home/kenny/Makersquare/Thesis/EventPulse/client/actions/actions.js
FN:13,fetchCurrentUser
FN:22,userLogOut
FN:31,fetchEventList
FN:33,(anonymous_5)
FN:34,(anonymous_6)
FN:36,(anonymous_7)
FN:46,filterEventList
FN:49,(anonymous_9)
FN:51,(anonymous_10)
FN:53,(anonymous_11)
FN:55,(anonymous_12)
FN:55,(anonymous_13)
FN:57,(anonymous_14)
FN:57,(anonymous_15)
FN:66,setCurrentEvent
FN:73,joinEvent
FN:87,hideEvent
FN:98,leaveEvent
FN:108,createEvent
FNF:19
FNH:4
FNDA:1,fetchCurrentUser
FNDA:1,userLogOut
FNDA:0,fetchEventList
FNDA:0,(anonymous_5)
FNDA:0,(anonymous_6)
FNDA:0,(anonymous_7)
FNDA:0,filterEventList
FNDA:0,(anonymous_9)
FNDA:0,(anonymous_10)
FNDA:0,(anonymous_11)
FNDA:0,(anonymous_12)
FNDA:0,(anonymous_13)
FNDA:0,(anonymous_14)
FNDA:0,(anonymous_15)
FNDA:0,setCurrentEvent
FNDA:1,joinEvent
FNDA:1,hideEvent
FNDA:0,leaveEvent
FNDA:0,createEvent
DA:1,1
DA:3,1
DA:4,1
DA:5,1
DA:6,1
DA:7,1
DA:8,1
DA:9,1
DA:10,1
DA:11,1
DA:14,1
DA:16,1
DA:23,1
DA:25,1
DA:32,0
DA:33,0
DA:34,0
DA:36,0
DA:40,0
DA:48,0
DA:49,0
DA:51,0
DA:53,0
DA:55,0
DA:57,0
DA:60,0
DA:67,0
DA:74,1
DA:75,1
DA:79,1
DA:81,1
DA:88,1
DA:89,1
DA:90,1
DA:92,1
DA:99,0
DA:100,0
DA:102,0
DA:109,0
DA:123,0
LF:40
LH:22
BRDA:49,1,0,0
BRDA:49,1,1,0
BRDA:51,2,0,0
BRDA:51,2,1,0
BRDA:53,3,0,0
BRDA:53,3,1,0
BRDA:55,4,0,0
BRDA:55,4,1,0
BRDA:55,5,0,0
BRDA:55,5,1,0
BRDA:57,6,0,0
BRDA:57,6,1,0
BRDA:57,7,0,0
BRDA:57,7,1,0
BRDA:117,8,0,0
BRDA:117,8,1,0
BRDA:118,9,0,0
BRDA:118,9,1,0
BRDA:119,10,0,0
BRDA:119,10,1,0
BRDA:120,11,0,0
BRDA:120,11,1,0
BRF:22
BRH:0
end_of_record
TN:
SF:/home/kenny/Makersquare/Thesis/EventPulse/client/components/Auth.js
FN:22,mapDispatchToProps
FNF:1
FNH:1
FNDA:1,mapDispatchToProps
DA:1,1
DA:2,1
DA:3,1
DA:5,1
DA:9,1
DA:23,1
LF:6
LH:6
BRF:0
BRH:0
end_of_record
TN:
SF:/home/kenny/Makersquare/Thesis/EventPulse/client/components/EventCreate.js
FN:11,EventCreate
FN:41,(anonymous_15)
FN:48,(anonymous_16)
FN:49,(anonymous_17)
FN:53,(anonymous_18)
FN:54,(anonymous_19)
FN:203,mapStateToProps
FN:210,mapDispatchToProps
FNF:8
FNH:1
FNDA:3,EventCreate
FNDA:0,(anonymous_15)
FNDA:0,(anonymous_16)
FNDA:0,(anonymous_17)
FNDA:0,(anonymous_18)
FNDA:0,(anonymous_19)
FNDA:0,mapStateToProps
FNDA:0,mapDispatchToProps
DA:1,1
DA:2,1
DA:3,1
DA:4,1
DA:6,1
DA:7,1
DA:11,9
DA:13,3
DA:27,0
DA:31,0
DA:35,0
DA:38,0
DA:39,0
DA:40,0
DA:41,0
DA:48,0
DA:50,0
DA:51,0
DA:53,0
DA:56,0
DA:61,0
DA:74,3
DA:204,0
DA:211,0
LF:24
LH:9
BRF:0
BRH:0
end_of_record
TN:
SF:/home/kenny/Makersquare/Thesis/EventPulse/client/components/EventDetails.js
FN:43,(anonymous_15)
FN:51,(anonymous_16)
FN:95,mapStateToProps
FN:102,mapDispatchToProps
FNF:4
FNH:2
FNDA:1,(anonymous_15)
FNDA:1,(anonymous_16)
FNDA:0,mapStateToProps
FNDA:0,mapDispatchToProps
DA:1,1
DA:2,1
DA:3,1
DA:4,1
DA:6,1
DA:14,0
DA:22,0
DA:30,0
DA:31,0
DA:39,0
DA:42,1
DA:43,1
DA:45,1
DA:51,1
DA:96,0
DA:103,0
LF:16
LH:9
BRDA:54,1,0,1
BRDA:54,1,1,0
BRDA:52,2,0,1
BRDA:52,2,1,0
BRDA:76,3,0,1
BRDA:76,3,1,0
BRF:6
BRH:3
end_of_record
TN:
SF:/home/kenny/Makersquare/Thesis/EventPulse/client/components/EventList.js
FN:17,(anonymous_11)
FN:54,(anonymous_14)
FN:74,mapStateToProps
FN:84,mapDispatchToProps
FNF:4
FNH:0
FNDA:0,(anonymous_11)
FNDA:0,(anonymous_14)
FNDA:0,mapStateToProps
FNDA:0,mapDispatchToProps
DA:1,1
DA:2,1
DA:3,1
DA:4,1
DA:6,1
DA:12,1
DA:15,0
DA:16,0
DA:18,0
DA:28,0
DA:48,0
DA:49,0
DA:54,0
DA:75,0
DA:85,0
LF:15
LH:6
BRDA:35,1,0,0
BRDA:35,1,1,0
BRDA:34,2,0,0
BRDA:34,2,1,0
BRF:4
BRH:0
end_of_record
TN:
SF:/home/kenny/Makersquare/Thesis/EventPulse/client/components/EventListFilter.js
FN:14,(anonymous_11)
FN:32,mapStateToProps
FN:40,mapDispatchToProps
FNF:3
FNH:0
FNDA:0,(anonymous_11)
FNDA:0,mapStateToProps
FNDA:0,mapDispatchToProps
DA:1,1
DA:2,1
DA:3,1
DA:4,1
DA:6,1
DA:9,0
DA:10,0
DA:12,0
DA:14,0
DA:33,0
DA:41,0
LF:11
LH:5
BRF:0
BRH:0
end_of_record
TN:
SF:/home/kenny/Makersquare/Thesis/EventPulse/client/components/Home.js
FN:25,mapStateToProps
FN:29,mapDispatchToProps
FNF:2
FNH:0
FNDA:0,mapStateToProps
FNDA:0,mapDispatchToProps
DA:1,1
DA:2,1
DA:3,1
DA:4,1
DA:6,1
DA:7,1
DA:11,1
DA:15,1
DA:26,0
DA:30,0
LF:10
LH:8
BRDA:18,1,0,0
BRDA:18,1,1,1
BRF:2
BRH:1
end_of_record
TN:
SF:/home/kenny/Makersquare/Thesis/EventPulse/client/components/helpers.js
FN:3,getCoords
FN:12,(anonymous_3)
FNF:2
FNH:0
FNDA:0,getCoords
FNDA:0,(anonymous_3)
DA:1,1
DA:4,0
DA:5,0
DA:6,0
DA:7,0
DA:9,0
DA:11,0
DA:13,0
DA:14,0
DA:16,0
LF:10
LH:1
BRDA:13,1,0,0
BRDA:13,1,1,0
BRF:2
BRH:0
end_of_record
TN:
SF:/home/kenny/Makersquare/Thesis/EventPulse/client/reducers/index.js
FNF:0
FNH:0
DA:1,1
DA:2,1
DA:3,1
DA:4,1
DA:5,1
DA:6,1
DA:7,1
DA:11,1
LF:8
LH:8
BRF:0
BRH:0
end_of_record
TN:
SF:/home/kenny/Makersquare/Thesis/EventPulse/client/reducers/reducer_currentUser.js
FNF:0
FNH:0
DA:1,1
DA:5,14
DA:6,7
DA:8,2
DA:10,1
DA:12,4
LF:6
LH:6
BRDA:5,1,0,4
BRDA:5,1,1,3
BRDA:5,2,0,7
BRDA:5,2,1,7
BRDA:7,3,0,2
BRDA:7,3,1,1
BRF:6
BRH:6
end_of_record
TN:
SF:/home/kenny/Makersquare/Thesis/EventPulse/client/reducers/reducer_eventCreate.js
FNF:0
FNH:0
DA:1,1
DA:3,14
DA:4,7
DA:6,0
DA:9,7
LF:5
LH:4
BRDA:3,1,0,7
BRDA:3,1,1,0
BRDA:3,2,0,7
BRDA:3,2,1,7
BRDA:5,3,0,0
BRDA:5,3,1,7
BRF:6
BRH:4
end_of_record
TN:
SF:/home/kenny/Makersquare/Thesis/EventPulse/client/reducers/reducer_eventDetails.js
FN:21,(anonymous_2)
FNF:1
FNH:0
FNDA:0,(anonymous_2)
DA:1,1
DA:14,14
DA:15,7
DA:17,7
DA:19,0
DA:20,0
DA:21,0
DA:23,0
DA:26,0
DA:34,1
DA:35,1
DA:36,1
DA:42,0
DA:45,6
LF:14
LH:8
BRDA:14,1,0,6
BRDA:14,1,1,1
BRDA:14,2,0,7
BRDA:14,2,1,7
BRDA:18,3,0,0
BRDA:18,3,1,0
BRDA:18,3,2,1
BRDA:18,3,3,0
BRDA:18,3,4,6
BRF:9
BRH:6
end_of_record
TN:
SF:/home/kenny/Makersquare/Thesis/EventPulse/client/reducers/reducer_eventList.js
FNF:0
FNH:0
DA:1,1
DA:3,14
DA:4,7
DA:6,0
DA:8,7
LF:5
LH:4
BRDA:3,1,0,7
BRDA:3,1,1,0
BRDA:3,2,0,7
BRDA:3,2,1,7
BRDA:5,3,0,0
BRDA:5,3,1,7
BRF:6
BRH:4
end_of_record
TN:
SF:/home/kenny/Makersquare/Thesis/EventPulse/client/reducers/reducer_eventListFiltered.js
FNF:0
FNH:0
DA:1,1
DA:3,14
DA:4,7
DA:6,0
DA:8,0
DA:10,7
LF:6
LH:4
BRDA:3,1,0,7
BRDA:3,1,1,0
BRDA:3,2,0,7
BRDA:3,2,1,7
BRDA:5,3,0,0
BRDA:5,3,1,0
BRDA:5,3,2,7
BRF:7
BRH:4
end_of_record
TN:
SF:/home/kenny/Makersquare/Thesis/EventPulse/client/reducers/reducer_hiddenEvents.js
FNF:0
FNH:0
DA:1,1
DA:3,14
DA:4,7
DA:6,0
DA:8,7
LF:5
LH:4
BRDA:3,1,0,7
BRDA:3,1,1,0
BRDA:3,2,0,7
BRDA:3,2,1,7
BRDA:5,3,0,0
BRDA:5,3,1,7
BRF:6
BRH:4
end_of_record
TN:
SF:/home/kenny/Makersquare/Thesis/EventPulse/server/knexfile.js
FNF:0
FNH:0
DA:1,1
LF:1
LH:1
BRF:0
BRH:0
end_of_record
TN:
SF:/home/kenny/Makersquare/Thesis/EventPulse/server/passport.js
FN:9,(anonymous_1)
FN:11,(anonymous_2)
FN:15,(anonymous_3)
FN:24,(anonymous_4)
FN:25,(anonymous_5)
FN:27,(anonymous_6)
FNF:6
FNH:1
FNDA:1,(anonymous_1)
FNDA:0,(anonymous_2)
FNDA:0,(anonymous_3)
FNDA:0,(anonymous_4)
FNDA:0,(anonymous_5)
FNDA:0,(anonymous_6)
DA:1,1
DA:2,1
DA:3,1
DA:4,1
DA:5,1
DA:6,1
DA:7,1
DA:9,1
DA:11,1
DA:12,0
DA:15,1
DA:16,0
DA:19,1
DA:25,0
DA:26,0
DA:28,0
LF:16
LH:11
BRF:0
BRH:0
end_of_record
TN:
SF:/home/kenny/Makersquare/Thesis/EventPulse/server/passport_helper.js
FN:7,passport_helper
FN:9,(anonymous_2)
FN:16,newUser
FN:21,(anonymous_4)
FN:26,(anonymous_5)
FN:30,(anonymous_6)
FN:36,(anonymous_7)
FN:38,(anonymous_8)
FN:46,(anonymous_9)
FN:50,existingUser
FN:64,(anonymous_11)
FN:68,(anonymous_12)
FN:69,(anonymous_13)
FN:70,(anonymous_14)
FN:78,(anonymous_15)
FN:80,(anonymous_16)
FN:87,(anonymous_17)
FN:92,buildNewUser
FN:102,buildNewMembership
FN:111,buildMembershipList
FN:112,(anonymous_21)
FNF:21
FNH:21
FNDA:7,passport_helper
FNDA:7,(anonymous_2)
FNDA:3,newUser
FNDA:3,(anonymous_4)
FNDA:3,(anonymous_5)
FNDA:3,(anonymous_6)
FNDA:3,(anonymous_7)
FNDA:2,(anonymous_8)
FNDA:2,(anonymous_9)
FNDA:4,existingUser
FNDA:3,(anonymous_11)
FNDA:3,(anonymous_12)
FNDA:4,(anonymous_13)
FNDA:8,(anonymous_14)
FNDA:3,(anonymous_15)
FNDA:2,(anonymous_16)
FNDA:2,(anonymous_17)
FNDA:3,buildNewUser
FNDA:9,buildNewMembership
FNDA:4,buildMembershipList
FNDA:6,(anonymous_21)
DA:1,1
DA:3,1
DA:8,7
DA:9,7
DA:17,3
DA:19,3
DA:22,3
DA:23,3
DA:27,3
DA:28,3
DA:30,3
DA:36,3
DA:40,2
DA:41,2
DA:46,2
DA:51,4
DA:52,4
DA:53,4
DA:56,4
DA:57,1
DA:63,3
DA:65,3
DA:66,3
DA:69,4
DA:70,8
DA:76,3
DA:78,3
DA:81,2
DA:82,2
DA:87,2
DA:93,3
DA:103,9
DA:112,6
LF:33
LH:33
BRDA:11,1,0,3
BRDA:11,1,1,4
BRDA:33,2,0,1
BRDA:33,2,1,2
BRDA:40,3,0,2
BRDA:40,3,1,0
BRDA:56,4,0,1
BRDA:56,4,1,3
BRDA:77,5,0,1
BRDA:77,5,1,2
BRDA:81,6,0,2
BRDA:81,6,1,0
BRF:12
BRH:10
end_of_record
TN:
SF:/home/kenny/Makersquare/Thesis/EventPulse/server/server.js
FN:33,(anonymous_1)
FNF:1
FNH:0
FNDA:0,(anonymous_1)
DA:1,1
DA:2,1
DA:3,1
DA:4,1
DA:5,1
DA:6,1
DA:7,1
DA:8,1
DA:9,1
DA:10,1
DA:12,1
DA:13,1
DA:15,1
DA:16,1
DA:17,1
DA:19,1
DA:21,1
DA:27,1
DA:28,1
DA:30,1
DA:33,1
DA:34,0
DA:37,1
DA:39,1
LF:24
LH:23
BRF:0
BRH:0
end_of_record
TN:
SF:/home/kenny/Makersquare/Thesis/EventPulse/server/db/knex.js
FN:7,(anonymous_1)
FN:8,(anonymous_2)
FNF:2
FNH:0
FNDA:0,(anonymous_1)
FNDA:0,(anonymous_2)
DA:1,1
DA:2,1
DA:4,1
DA:6,1
DA:7,0
DA:8,0
DA:9,0
DA:15,1
LF:8
LH:5
BRDA:1,1,0,1
BRDA:1,1,1,0
BRDA:6,2,0,0
BRDA:6,2,1,1
BRF:4
BRH:2
end_of_record
TN:
SF:/home/kenny/Makersquare/Thesis/EventPulse/server/db/migrations/20160727211309_event_pulse.js
FN:1,(anonymous_1)
FN:3,(anonymous_2)
FN:10,(anonymous_3)
FN:14,(anonymous_4)
FN:20,(anonymous_5)
FN:35,(anonymous_6)
FN:40,(anonymous_7)
FN:46,(anonymous_8)
FN:56,(anonymous_9)
FNF:9
FNH:9
FNDA:31,(anonymous_1)
FNDA:31,(anonymous_2)
FNDA:31,(anonymous_3)
FNDA:31,(anonymous_4)
FNDA:31,(anonymous_5)
FNDA:31,(anonymous_6)
FNDA:31,(anonymous_7)
FNDA:31,(anonymous_8)
FNDA:31,(anonymous_9)
DA:1,1
DA:2,31
DA:4,31
DA:5,31
DA:6,31
DA:7,31
DA:8,31
DA:11,31
DA:12,31
DA:15,31
DA:16,31
DA:17,31
DA:18,31
DA:21,31
DA:22,31
DA:23,31
DA:24,31
DA:25,31
DA:26,31
DA:27,31
DA:28,31
DA:29,31
DA:30,31
DA:31,31
DA:32,31
DA:33,31
DA:36,31
DA:37,31
DA:38,31
DA:41,31
DA:42,31
DA:43,31
DA:44,31
DA:47,31
DA:48,31
DA:49,31
DA:50,31
DA:51,31
DA:56,1
DA:57,31
LF:40
LH:40
BRF:0
BRH:0
end_of_record
TN:
SF:/home/kenny/Makersquare/Thesis/EventPulse/server/models/event.js
FN:12,getAll
FN:16,getEventById
FN:20,create
FN:21,(anonymous_4)
FN:22,(anonymous_5)
FN:29,update
FN:33,deleteEvent
FNF:7
FNH:7
FNDA:2,getAll
FNDA:4,getEventById
FNDA:1,create
FNDA:1,(anonymous_4)
FNDA:1,(anonymous_5)
FNDA:1,update
FNDA:1,deleteEvent
DA:1,1
DA:2,1
DA:4,1
DA:13,2
DA:17,4
DA:21,1
DA:22,1
DA:23,1
DA:30,1
DA:35,1
LF:10
LH:10
BRF:0
BRH:0
end_of_record
TN:
SF:/home/kenny/Makersquare/Thesis/EventPulse/server/models/guest.js
FN:10,getGuests
FN:24,create
FN:28,update
FN:35,deleteGuest
FNF:4
FNH:4
FNDA:7,getGuests
FNDA:2,create
FNDA:1,update
FNDA:1,deleteGuest
DA:1,1
DA:3,1
DA:11,7
DA:25,2
DA:29,1
DA:36,1
LF:6
LH:6
BRF:0
BRH:0
end_of_record
TN:
SF:/home/kenny/Makersquare/Thesis/EventPulse/server/models/hidden_event.js
FN:10,hide
FN:16,unhide
FNF:2
FNH:1
FNDA:3,hide
FNDA:0,unhide
DA:1,1
DA:5,1
DA:11,3
DA:17,0
LF:4
LH:3
BRF:0
BRH:0
end_of_record
TN:
SF:/home/kenny/Makersquare/Thesis/EventPulse/server/models/user.js
FN:16,getUserById
FN:20,getUserByFacebookId
FN:24,create
FN:28,addGroup
FN:32,getMemberList
FN:38,addMemberships
FN:42,getMemberships
FN:48,getFriendsListId
FNF:8
FNH:8
FNDA:4,getUserById
FNDA:13,getUserByFacebookId
FNDA:4,create
FNDA:5,addGroup
FNDA:4,getMemberList
FNDA:9,addMemberships
FNDA:1,getMemberships
FNDA:4,getFriendsListId
DA:1,1
DA:5,1
DA:17,4
DA:21,13
DA:25,4
DA:28,5
DA:29,5
DA:33,4
DA:39,9
DA:43,1
DA:49,4
LF:11
LH:11
BRDA:28,1,0,4
BRDA:28,1,1,1
BRDA:28,2,0,5
BRDA:28,2,1,2
BRF:4
BRH:4
end_of_record
TN:
SF:/home/kenny/Makersquare/Thesis/EventPulse/server/routes/authentication.js
FN:6,(anonymous_1)
FN:16,(anonymous_2)
FNF:2
FNH:0
FNDA:0,(anonymous_1)
FNDA:0,(anonymous_2)
DA:1,1
DA:2,1
DA:4,1
DA:6,1
DA:7,0
DA:8,0
DA:9,0
DA:12,0
DA:16,1
DA:17,0
DA:18,0
DA:19,0
LF:12
LH:5
BRDA:7,1,0,0
BRDA:7,1,1,0
BRF:2
BRH:0
end_of_record
TN:
SF:/home/kenny/Makersquare/Thesis/EventPulse/server/routes/events.js
FN:12,(anonymous_1)
FN:14,(anonymous_2)
FN:17,(anonymous_3)
FN:23,(anonymous_4)
FN:48,(anonymous_5)
FN:51,(anonymous_6)
FN:57,(anonymous_7)
FN:59,(anonymous_8)
FN:62,(anonymous_9)
FN:68,(anonymous_10)
FN:70,(anonymous_11)
FN:73,(anonymous_12)
FN:79,(anonymous_13)
FN:86,(anonymous_14)
FN:87,(anonymous_15)
FN:93,(anonymous_16)
FN:96,(anonymous_17)
FN:99,(anonymous_18)
FN:104,(anonymous_19)
FN:110,(anonymous_20)
FN:121,(anonymous_21)
FN:124,(anonymous_22)
FN:130,(anonymous_23)
FN:138,(anonymous_24)
FN:139,(anonymous_25)
FN:141,(anonymous_26)
FN:144,(anonymous_27)
FN:147,(anonymous_28)
FN:156,(anonymous_29)
FN:162,(anonymous_30)
FN:164,(anonymous_31)
FN:167,(anonymous_32)
FN:168,(anonymous_33)
FN:174,(anonymous_34)
FN:180,(anonymous_35)
FN:188,(anonymous_36)
FN:191,(anonymous_37)
FN:194,(anonymous_38)
FN:200,(anonymous_39)
FN:203,(anonymous_40)
FN:205,(anonymous_41)
FN:208,(anonymous_42)
FN:212,(anonymous_43)
FN:218,(anonymous_44)
FN:220,(anonymous_45)
FN:223,(anonymous_46)
FN:229,(anonymous_47)
FN:231,(anonymous_48)
FN:234,(anonymous_49)
FNF:49
FNH:32
FNDA:2,(anonymous_1)
FNDA:2,(anonymous_2)
FNDA:0,(anonymous_3)
FNDA:0,(anonymous_4)
FNDA:0,(anonymous_5)
FNDA:0,(anonymous_6)
FNDA:1,(anonymous_7)
FNDA:1,(anonymous_8)
FNDA:0,(anonymous_9)
FNDA:2,(anonymous_10)
FNDA:2,(anonymous_11)
FNDA:0,(anonymous_12)
FNDA:2,(anonymous_13)
FNDA:2,(anonymous_14)
FNDA:2,(anonymous_15)
FNDA:1,(anonymous_16)
FNDA:1,(anonymous_17)
FNDA:0,(anonymous_18)
FNDA:0,(anonymous_19)
FNDA:2,(anonymous_20)
FNDA:1,(anonymous_21)
FNDA:0,(anonymous_22)
FNDA:2,(anonymous_23)
FNDA:2,(anonymous_24)
FNDA:3,(anonymous_25)
FNDA:1,(anonymous_26)
FNDA:1,(anonymous_27)
FNDA:0,(anonymous_28)
FNDA:0,(anonymous_29)
FNDA:1,(anonymous_30)
FNDA:1,(anonymous_31)
FNDA:1,(anonymous_32)
FNDA:1,(anonymous_33)
FNDA:0,(anonymous_34)
FNDA:2,(anonymous_35)
FNDA:1,(anonymous_36)
FNDA:1,(anonymous_37)
FNDA:0,(anonymous_38)
FNDA:1,(anonymous_39)
FNDA:1,(anonymous_40)
FNDA:1,(anonymous_41)
FNDA:0,(anonymous_42)
FNDA:0,(anonymous_43)
FNDA:2,(anonymous_44)
FNDA:2,(anonymous_45)
FNDA:0,(anonymous_46)
FNDA:1,(anonymous_47)
FNDA:1,(anonymous_48)
FNDA:0,(anonymous_49)
DA:1,1
DA:2,1
DA:4,1
DA:5,1
DA:6,1
DA:7,1
DA:9,1
DA:12,1
DA:13,2
DA:15,2
DA:18,0
DA:23,1
DA:24,0
DA:25,0
DA:26,0
DA:28,0
DA:30,0
DA:31,0
DA:33,0
DA:34,0
DA:36,0
DA:37,0
DA:39,0
DA:40,0
DA:42,0
DA:43,0
DA:45,0
DA:48,0
DA:49,0
DA:52,0
DA:57,1
DA:58,1
DA:60,1
DA:63,0
DA:68,1
DA:69,2
DA:71,2
DA:74,0
DA:79,1
DA:80,2
DA:81,2
DA:85,2
DA:87,2
DA:88,1
DA:92,1
DA:94,1
DA:97,1
DA:100,0
DA:105,0
DA:110,1
DA:111,2
DA:112,2
DA:114,2
DA:115,1
DA:120,1
DA:122,1
DA:125,0
DA:130,1
DA:131,2
DA:132,2
DA:137,2
DA:139,3
DA:140,1
DA:142,1
DA:145,1
DA:148,0
DA:151,1
DA:157,0
DA:162,1
DA:163,1
DA:165,1
DA:168,1
DA:169,1
DA:170,1
DA:175,0
DA:180,1
DA:181,2
DA:182,1
DA:187,1
DA:189,1
DA:192,1
DA:195,0
DA:200,1
DA:202,1
DA:204,1
DA:206,1
DA:209,0
DA:213,0
DA:218,1
DA:219,2
DA:221,2
DA:224,0
DA:229,1
DA:230,1
DA:232,1
DA:235,0
LF:96
LH:64
BRDA:29,1,0,0
BRDA:29,1,1,0
BRDA:29,1,2,0
BRDA:29,1,3,0
BRDA:29,1,4,0
BRDA:29,1,5,0
BRDA:87,2,0,1
BRDA:87,2,1,1
BRDA:114,3,0,1
BRDA:114,3,1,1
BRDA:139,4,0,1
BRDA:139,4,1,1
BRDA:181,5,0,1
BRDA:181,5,1,1
BRF:14
BRH:8
end_of_record
TN:
SF:/home/kenny/Makersquare/Thesis/EventPulse/server/routes/index.js
FNF:0
FNH:0
DA:1,1
DA:2,1
DA:5,1
DA:6,1
DA:7,1
DA:8,1
DA:10,1
LF:7
LH:7
BRF:0
BRH:0
end_of_record
TN:
SF:/home/kenny/Makersquare/Thesis/EventPulse/server/routes/passport_facebook.js
FN:19,(anonymous_1)
FN:21,(anonymous_2)
FNF:2
FNH:2
FNDA:7,(anonymous_1)
FNDA:7,(anonymous_2)
DA:1,1
DA:2,1
DA:4,1
DA:6,1
DA:8,1
DA:10,1
DA:14,1
DA:19,1
DA:20,7
DA:22,7
LF:10
LH:10
BRF:0
BRH:0
end_of_record
TN:
SF:/home/kenny/Makersquare/Thesis/EventPulse/server/routes/users.js
FN:9,(anonymous_1)
FN:11,(anonymous_2)
FN:14,(anonymous_3)
FN:20,(anonymous_4)
FN:22,(anonymous_5)
FN:25,(anonymous_6)
FN:28,(anonymous_7)
FN:33,(anonymous_8)
FN:35,(anonymous_9)
FN:38,(anonymous_10)
FN:43,(anonymous_11)
FN:45,(anonymous_12)
FN:48,(anonymous_13)
FN:53,(anonymous_14)
FN:55,(anonymous_15)
FN:58,(anonymous_16)
FN:63,(anonymous_17)
FN:65,(anonymous_18)
FN:68,(anonymous_19)
FN:73,(anonymous_20)
FN:75,(anonymous_21)
FN:78,(anonymous_22)
FNF:22
FNH:15
FNDA:1,(anonymous_1)
FNDA:1,(anonymous_2)
FNDA:0,(anonymous_3)
FNDA:1,(anonymous_4)
FNDA:1,(anonymous_5)
FNDA:1,(anonymous_6)
FNDA:0,(anonymous_7)
FNDA:1,(anonymous_8)
FNDA:1,(anonymous_9)
FNDA:0,(anonymous_10)
FNDA:1,(anonymous_11)
FNDA:1,(anonymous_12)
FNDA:0,(anonymous_13)
FNDA:1,(anonymous_14)
FNDA:1,(anonymous_15)
FNDA:0,(anonymous_16)
FNDA:2,(anonymous_17)
FNDA:2,(anonymous_18)
FNDA:0,(anonymous_19)
FNDA:2,(anonymous_20)
FNDA:2,(anonymous_21)
FNDA:0,(anonymous_22)
DA:1,1
DA:2,1
DA:4,1
DA:6,1
DA:9,1
DA:10,1
DA:12,1
DA:15,0
DA:20,1
DA:21,1
DA:23,1
DA:26,1
DA:29,0
DA:33,1
DA:34,1
DA:36,1
DA:39,0
DA:43,1
DA:44,1
DA:46,1
DA:49,0
DA:53,1
DA:54,1
DA:56,1
DA:59,0
DA:63,1
DA:64,2
DA:66,2
DA:69,0
DA:73,1
DA:74,2
DA:76,2
DA:79,0
LF:33
LH:26
BRF:0
BRH:0
end_of_record
